#
# A fatal error has been detected by the Java Runtime Environment:
#
#  SIGBUS (0x7) at pc=0x00007f3156f73d80, pid=15354, tid=0x00007f30bf4ee700
#
# JRE version: OpenJDK Runtime Environment (8.0_222-b10) (build 1.8.0_222-8u222-b10-1ubuntu1~18.04.1-b10)
# Java VM: OpenJDK 64-Bit Server VM (25.222-b10 mixed mode linux-amd64 compressed oops)
# Problematic frame:
# C  [libzip.so+0x4d80]
#
# Failed to write core dump. Core dumps have been disabled. To enable core dumping, try "ulimit -c unlimited" before starting Java again
#
# If you would like to submit a bug report, please visit:
#   http://bugreport.java.com/bugreport/crash.jsp
# The crash happened outside the Java Virtual Machine in native code.
# See problematic frame for where to report the bug.
#

---------------  T H R E A D  ---------------

Current thread (0x00007f31591ef800):  JavaThread "payara-executor-service-scheduled-task" [_thread_in_native, id=15397, stack(0x00007f30bf3ee000,0x00007f30bf4ef000)]

siginfo: si_signo: 7 (SIGBUS), si_code: 2 (BUS_ADRERR), si_addr: 0x00007f311405b2db

Registers:
RAX=0x00007f30b000a780, RBX=0x00007f30981cc780, RCX=0x00007f30980008d0, RDX=0x00007f30b000a780
RSP=0x00007f30bf4ea350, RBP=0x00007f30bf4ea3c0, RSI=0x00007f30980008e8, RDI=0x00007f3098694c90
R8 =0x00000000b6d5b6fd, R9 =0x0000000000000034, R10=0x00007f31480e1458, R11=0x0000000779ba4f18
R12=0x000000000001a2bd, R13=0x00000000b6d5b6fd, R14=0x00007f30b000a780, R15=0x00007f311405b2bd
RIP=0x00007f3156f73d80, EFLAGS=0x0000000000010206, CSGSFS=0x002b000000000033, ERR=0x0000000000000004
  TRAPNO=0x000000000000000e

Top of Stack: (sp=0x00007f30bf4ea350)
0x00007f30bf4ea350:   00007f315922be08 00007f30bf4ea3a0
0x00007f30bf4ea360:   00007f30bf4ea400 00007f315d11acd8
0x00007f30bf4ea370:   0000000300000000 0000000779ba3590
0x00007f30bf4ea380:   00007f31591ef800 000000005d341941
0x00007f30bf4ea390:   0000000000000034 00007f309852e450
0x00007f30bf4ea3a0:   0000000000000034 00000000b6d5b6fd
0x00007f30bf4ea3b0:   00007f30981cc780 00007f3158bdfab0
0x00007f30bf4ea3c0:   00007f30bf4ea410 00007f3156f74a2e
0x00007f30bf4ea3d0:   0100000000000034 00007f30bf4ea430
0x00007f30bf4ea3e0:   00007f30bf4ea410 0000000000000034
0x00007f30bf4ea3f0:   00007f31591ef9e0 00007f30bf4ea888
0x00007f30bf4ea400:   00007f30bf4ea430 00007f30981cc780
0x00007f30bf4ea410:   00007f30bf4ea870 00007f3156f72a35
0x00007f30bf4ea420:   0000000000000000 0000000000000001
0x00007f30bf4ea430:   6d6972702f67726f 632f736563616665
0x00007f30bf4ea440:   746e656e6f706d6f 2f6e6d756c6f632f
0x00007f30bf4ea450:   65526e6d756c6f43 632e72657265646e
0x00007f30bf4ea460:   000000007373616c 00007f31579cee61
0x00007f30bf4ea470:   0000000779ba33b0 00007f3145800588
0x00007f30bf4ea480:   00007f30bf4ea4d0 00007f31481688a8
0x00007f30bf4ea490:   0000000779ba3368 0000000079ba3494
0x00007f30bf4ea4a0:   00000006c86a2c88 00000007c000d778
0x00007f30bf4ea4b0:   0000000779ba33b0 0000000779ba3480
0x00007f30bf4ea4c0:   0000000000000022 0000000000000001
0x00007f30bf4ea4d0:   0000000779ba3368 00007f3148444fe4
0x00007f30bf4ea4e0:   0000002200000022 0000000779ba34a0
0x00007f30bf4ea4f0:   000000000000005b 0000000000000058
0x00007f30bf4ea500:   0000000779ba3368 00007f314982e790
0x00007f30bf4ea510:   0000000779ba3a08 00007f3145812888
0x00007f30bf4ea520:   00007f31040091c0 00007f3104009598
0x00007f30bf4ea530:   0000000000000001 00007f314827160c
0x00007f30bf4ea540:   00000000ef374700 00007f3148187c6d 

Instructions: (pc=0x00007f3156f73d80)
0x00007f3156f73d60:   00 00 00 48 c7 40 28 00 00 00 00 4d 8b 24 24 0f
0x00007f3156f73d70:   84 1b 01 00 00 4c 2b 63 28 4c 8b 7b 18 4d 01 e7
0x00007f3156f73d80:   41 0f b7 47 1e 45 0f b7 6f 1c 45 31 e4 66 89 45
0x00007f3156f73d90:   ca 41 0f b7 47 20 44 89 ea 66 89 45 c8 41 8b 47 

Register to memory mapping:

RAX=0x00007f30b000a780 is an unknown value
RBX=0x00007f30981cc780 is an unknown value
RCX=0x00007f30980008d0 is an unknown value
RDX=0x00007f30b000a780 is an unknown value
RSP=0x00007f30bf4ea350 is pointing into the stack for thread: 0x00007f31591ef800
RBP=0x00007f30bf4ea3c0 is pointing into the stack for thread: 0x00007f31591ef800
RSI=0x00007f30980008e8 is an unknown value
RDI=0x00007f3098694c90 is an unknown value
R8 =0x00000000b6d5b6fd is an unknown value
R9 =0x0000000000000034 is an unknown value
R10=0x00007f31480e1458 is at entry_point+88 in (nmethod*)0x00007f31480e1290
R11=0x0000000779ba4f18 is an oop
